{
  "stats": {
    "suites": 1,
    "tests": 2,
    "passes": 2,
    "pending": 0,
    "failures": 0,
    "start": "2025-01-03T18:34:52.326Z",
    "end": "2025-01-03T18:34:56.080Z",
    "duration": 3754,
    "testsRegistered": 2,
    "passPercent": 100,
    "pendingPercent": 0,
    "other": 0,
    "hasOther": false,
    "skipped": 0,
    "hasSkipped": false
  },
  "results": [
    {
      "uuid": "82c0dcf7-f3ee-44d3-aafb-fa8189ddfbbb",
      "title": "",
      "fullFile": "cypress\\e2e\\ui\\login.spec.js",
      "file": "cypress\\e2e\\ui\\login.spec.js",
      "beforeHooks": [],
      "afterHooks": [],
      "tests": [],
      "suites": [
        {
          "uuid": "78c969fd-a968-4bf2-a9e0-5fae79b3439b",
          "title": "Login Page Tests",
          "fullFile": "",
          "file": "",
          "beforeHooks": [],
          "afterHooks": [],
          "tests": [
            {
              "title": "should display the main page",
              "fullTitle": "Login Page Tests should display the main page",
              "timedOut": null,
              "duration": 2965,
              "state": "passed",
              "speed": "fast",
              "pass": true,
              "fail": false,
              "pending": false,
              "context": null,
              "code": "cy.visit('/');\ncy.get(SELECTORS.TITLE).should('contain.text', 'Welcome');",
              "err": {},
              "uuid": "a16eff78-96b4-4ee1-94a2-7c9b75a70ae1",
              "parentUUID": "78c969fd-a968-4bf2-a9e0-5fae79b3439b",
              "isHook": false,
              "skipped": false
            },
            {
              "title": "search user github name",
              "fullTitle": "Login Page Tests search user github name",
              "timedOut": null,
              "duration": 720,
              "state": "passed",
              "speed": "fast",
              "pass": true,
              "fail": false,
              "pending": false,
              "context": null,
              "code": "cy.visit('/');\ncy.get(SELECTORS.INPUT_USERNAME).type('Sebastian');\ncy.get(SELECTORS.BUTTON_SEARCH).click();\ncy.get(SELECTORS.TITLE_USER).should('contain.text', 'Sebastian').then(() => {\n  cy.log('This UI testing pass success');\n});",
              "err": {},
              "uuid": "97545295-b7d5-49e1-b97f-df49757d55b0",
              "parentUUID": "78c969fd-a968-4bf2-a9e0-5fae79b3439b",
              "isHook": false,
              "skipped": false
            }
          ],
          "suites": [],
          "passes": [
            "a16eff78-96b4-4ee1-94a2-7c9b75a70ae1",
            "97545295-b7d5-49e1-b97f-df49757d55b0"
          ],
          "failures": [],
          "pending": [],
          "skipped": [],
          "duration": 3685,
          "root": false,
          "rootEmpty": false,
          "_timeout": 2000
        }
      ],
      "passes": [],
      "failures": [],
      "pending": [],
      "skipped": [],
      "duration": 0,
      "root": true,
      "rootEmpty": true,
      "_timeout": 2000
    }
  ],
  "meta": {
    "mocha": {
      "version": "7.0.1"
    },
    "mochawesome": {
      "options": {
        "quiet": false,
        "reportFilename": "mochawesome",
        "saveHtml": true,
        "saveJson": true,
        "consoleReporter": "spec",
        "useInlineDiffs": false,
        "code": true
      },
      "version": "7.1.3"
    },
    "marge": {
      "options": {
        "reportDir": "cypress/reports",
        "overwrite": false,
        "html": true,
        "json": true
      },
      "version": "6.2.0"
    }
  }
}