{
  "stats": {
    "suites": 1,
    "tests": 2,
    "passes": 2,
    "pending": 0,
    "failures": 0,
    "start": "2025-01-08T20:55:47.220Z",
    "end": "2025-01-08T20:55:51.020Z",
    "duration": 3800,
    "testsRegistered": 2,
    "passPercent": 100,
    "pendingPercent": 0,
    "other": 0,
    "hasOther": false,
    "skipped": 0,
    "hasSkipped": false
  },
  "results": [
    {
      "uuid": "ba937b13-b8c0-4b21-86e7-e5c326646f15",
      "title": "",
      "fullFile": "cypress/e2e/ui/login.spec.js",
      "file": "cypress/e2e/ui/login.spec.js",
      "beforeHooks": [],
      "afterHooks": [],
      "tests": [],
      "suites": [
        {
          "uuid": "f5539bfa-28fd-45c6-939f-2ff6bba5ed38",
          "title": "Login Page Tests",
          "fullFile": "",
          "file": "",
          "beforeHooks": [],
          "afterHooks": [],
          "tests": [
            {
              "title": "should display the main page",
              "fullTitle": "Login Page Tests should display the main page",
              "timedOut": null,
              "duration": 2797,
              "state": "passed",
              "speed": "fast",
              "pass": true,
              "fail": false,
              "pending": false,
              "context": null,
              "code": "cy.visit('/');\ncy.get(SELECTORS.TITLE).should('contain.text', 'Welcome');",
              "err": {},
              "uuid": "9e8ef9fc-ea62-4d42-9ac5-9d673f23ce71",
              "parentUUID": "f5539bfa-28fd-45c6-939f-2ff6bba5ed38",
              "isHook": false,
              "skipped": false
            },
            {
              "title": "search user github name",
              "fullTitle": "Login Page Tests search user github name",
              "timedOut": null,
              "duration": 884,
              "state": "passed",
              "speed": "fast",
              "pass": true,
              "fail": false,
              "pending": false,
              "context": null,
              "code": "cy.visit('/');\ncy.get(SELECTORS.INPUT_USERNAME).type('Sebastian');\ncy.get(SELECTORS.BUTTON_SEARCH).click();\ncy.get(SELECTORS.TITLE_USER).should('contain.text', 'Sebastian').then(() => {\n  cy.log('This UI testing pass success');\n});",
              "err": {},
              "uuid": "efb7fa3c-97e1-4b27-a72e-ad6013ff1149",
              "parentUUID": "f5539bfa-28fd-45c6-939f-2ff6bba5ed38",
              "isHook": false,
              "skipped": false
            }
          ],
          "suites": [],
          "passes": [
            "9e8ef9fc-ea62-4d42-9ac5-9d673f23ce71",
            "efb7fa3c-97e1-4b27-a72e-ad6013ff1149"
          ],
          "failures": [],
          "pending": [],
          "skipped": [],
          "duration": 3681,
          "root": false,
          "rootEmpty": false,
          "_timeout": 2000
        }
      ],
      "passes": [],
      "failures": [],
      "pending": [],
      "skipped": [],
      "duration": 0,
      "root": true,
      "rootEmpty": true,
      "_timeout": 2000
    }
  ],
  "meta": {
    "mocha": {
      "version": "7.0.1"
    },
    "mochawesome": {
      "options": {
        "quiet": false,
        "reportFilename": "my-report",
        "saveHtml": false,
        "saveJson": true,
        "consoleReporter": "spec",
        "useInlineDiffs": false,
        "code": true
      },
      "version": "7.1.3"
    },
    "marge": {
      "options": {
        "reportDir": "cypress/report/.jsons",
        "charts": true,
        "reportFilename": "my-report",
        "reportPageTitle": "Docker report",
        "embeddedScreenshots": true,
        "inlineAssets": true,
        "overwrite": false,
        "html": false,
        "json": true
      },
      "version": "6.2.0"
    }
  }
}